DEBUG:root:Currently scraping: https://www.silabg.com/
DEBUG:urllib3.connectionpool:Starting new HTTPS connection (1): www.silabg.com:443
DEBUG:urllib3.connectionpool:https://www.silabg.com:443 "GET / HTTP/1.1" 200 None
ERROR:root:Something went wrong with fetching href attribute
ERROR:root:Could not transform into a norma url
ERROR:root:Something went wrong with fetching href attribute
ERROR:root:Something went wrong with fetching href attribute
ERROR:root:Something went wrong with fetching href attribute
ERROR:root:Something went wrong with fetching href attribute
ERROR:root:Something went wrong with fetching href attribute
ERROR:root:Something went wrong with fetching href attribute
ERROR:root:Something went wrong with fetching href attribute
ERROR:root:Something went wrong with fetching href attribute
ERROR:root:Something went wrong with fetching href attribute
ERROR:root:Something went wrong with fetching href attribute
ERROR:root:Something went wrong with fetching href attribute
ERROR:root:Something went wrong with fetching href attribute
ERROR:root:Something went wrong with fetching href attribute
ERROR:root:Something went wrong with fetching href attribute
ERROR:root:Something went wrong with fetching href attribute
ERROR:root:Something went wrong with fetching href attribute
ERROR:root:Something went wrong with fetching href attribute
ERROR:root:Something went wrong with fetching href attribute
ERROR:root:Something went wrong with fetching href attribute
ERROR:root:Something went wrong with fetching href attribute
ERROR:root:Something went wrong with fetching href attribute
ERROR:root:Something went wrong with fetching href attribute
ERROR:root:Something went wrong with fetching href attribute
ERROR:root:Something went wrong with fetching href attribute
ERROR:root:Something went wrong with fetching href attribute
ERROR:root:Something went wrong with fetching href attribute
ERROR:root:Something went wrong with fetching href attribute
ERROR:root:Something went wrong with fetching href attribute
ERROR:root:Something went wrong with fetching href attribute
ERROR:root:Something went wrong with fetching href attribute
ERROR:root:Something went wrong with fetching href attribute
ERROR:root:Something went wrong with fetching href attribute
ERROR:root:Something went wrong with fetching href attribute
ERROR:root:Something went wrong with fetching href attribute
ERROR:root:Something went wrong with fetching href attribute
ERROR:root:Something went wrong with fetching href attribute
ERROR:root:Something went wrong with fetching href attribute
ERROR:root:Something went wrong with fetching href attribute
ERROR:root:Something went wrong with fetching href attribute
ERROR:root:Something went wrong with fetching href attribute
ERROR:root:Something went wrong with fetching href attribute
ERROR:root:Something went wrong with fetching href attribute
ERROR:root:Something went wrong with fetching href attribute
ERROR:root:Something went wrong with fetching href attribute
ERROR:root:Something went wrong with fetching href attribute
ERROR:root:Something went wrong with fetching href attribute
ERROR:root:Something went wrong with fetching href attribute
ERROR:root:Something went wrong with fetching href attribute
ERROR:root:Something went wrong with fetching href attribute
ERROR:root:Something went wrong with fetching href attribute
ERROR:root:Something went wrong with fetching href attribute
ERROR:root:Something went wrong with fetching href attribute
ERROR:root:Something went wrong with fetching href attribute
ERROR:root:Something went wrong with fetching href attribute
ERROR:root:Something went wrong with fetching href attribute
ERROR:root:Something went wrong with fetching href attribute
ERROR:root:Something went wrong with fetching href attribute
ERROR:root:Something went wrong with fetching href attribute
ERROR:root:Something went wrong with fetching href attribute
ERROR:root:Something went wrong with fetching href attribute
ERROR:root:Something went wrong with fetching href attribute
ERROR:root:Something went wrong with fetching href attribute
ERROR:root:Something went wrong with fetching href attribute
ERROR:root:Something went wrong with fetching href attribute
ERROR:root:Something went wrong with fetching href attribute
ERROR:root:Something went wrong with fetching href attribute
ERROR:root:Something went wrong with fetching href attribute
ERROR:root:Something went wrong with fetching href attribute
ERROR:root:Something went wrong with fetching href attribute
ERROR:root:Something went wrong with fetching href attribute
ERROR:root:Something went wrong with fetching href attribute
ERROR:root:Something went wrong with fetching href attribute
ERROR:root:Could not transform into a norma url
ERROR:root:Could not transform into a norma url
ERROR:root:Could not transform into a norma url
ERROR:root:Could not transform into a norma url
ERROR:root:Could not transform into a norma url
ERROR:root:Could not transform into a norma url
ERROR:root:Could not transform into a norma url
ERROR:root:Could not transform into a norma url
ERROR:root:Could not transform into a norma url
ERROR:root:Could not transform into a norma url
ERROR:root:Could not transform into a norma url
